<?xml version="1.0" encoding="UTF-8"?>
<!-- Generated by org.testng.reporters.JUnitXMLReporter -->
<testsuite ignored="0" hostname="LTIN682992" failures="0" tests="7" name="Default test" time="210.341" errors="0" timestamp="2026-05-28T22:11:35 IST">
  <testcase classname="tests.ZigwheelsTest" name="testGoogleLogin" time="1.238"/>
  <testcase classname="tests.ZigwheelsTest" name="testUpcomingHondaBikes" time="17.045"/>
  <testcase classname="tests.ZigwheelsTest" name="testElectricCars" time="10.682"/>
  <testcase classname="tests.ZigwheelsTest" name="testUserReviews" time="10.334"/>
  <testcase classname="tests.ZigwheelsTest" name="testBrowseByBrand" time="6.588"/>
  <testcase classname="tests.ZigwheelsTest" name="testCarFilters" time="15.009"/>
  <testcase classname="tests.ZigwheelsTest" name="testMorePage" time="9.541"/>
</testsuite> <!-- Default test -->
