<?xml version="1.0" encoding="UTF-8"?>
<!-- Generated by org.testng.reporters.JUnitReportReporter -->
<testsuite hostname="LTIN682992" failures="0" tests="7" name="tests.ZigwheelsTest" time="210.208" errors="0" timestamp="2026-05-28T22:11:35 IST" skipped="0">
  <testcase classname="tests.ZigwheelsTest" name="testGoogleLogin" time="20.889"/>
  <testcase classname="tests.ZigwheelsTest" name="testUpcomingHondaBikes" time="34.100"/>
  <testcase classname="tests.ZigwheelsTest" name="testElectricCars" time="36.463"/>
  <testcase classname="tests.ZigwheelsTest" name="testUserReviews" time="27.485"/>
  <testcase classname="tests.ZigwheelsTest" name="testBrowseByBrand" time="23.841"/>
  <testcase classname="tests.ZigwheelsTest" name="testCarFilters" time="33.181"/>
  <testcase classname="tests.ZigwheelsTest" name="testMorePage" time="34.249"/>
</testsuite> <!-- tests.ZigwheelsTest -->
