<?xml version="1.0" encoding="UTF-8"?>
<testng-results ignored="0" total="7" passed="7" failed="0" skipped="0">
  <reporter-output>
  </reporter-output>
  <suite started-at="2026-05-28T22:08:04 IST" name="Default suite" finished-at="2026-05-28T22:11:35 IST" duration-ms="210341">
    <groups>
    </groups>
    <test started-at="2026-05-28T22:08:04 IST" name="Default test" finished-at="2026-05-28T22:11:35 IST" duration-ms="210341">
      <class name="tests.ZigwheelsTest">
        <test-method is-config="true" signature="setUp()[pri:0, instance:tests.ZigwheelsTest@65fb9ffc]" started-at="2026-05-28T22:08:04 IST" name="setUp" finished-at="2026-05-28T22:08:17 IST" duration-ms="12832" status="PASS">
          <reporter-output>
          </reporter-output>
        </test-method> <!-- setUp -->
        <test-method signature="testGoogleLogin()[pri:1, instance:tests.ZigwheelsTest@65fb9ffc]" started-at="2026-05-28T22:08:17 IST" name="testGoogleLogin" finished-at="2026-05-28T22:08:19 IST" duration-ms="1238" status="PASS">
          <reporter-output>
          </reporter-output>
        </test-method> <!-- testGoogleLogin -->
        <test-method is-config="true" signature="exit()[pri:0, instance:tests.ZigwheelsTest@65fb9ffc]" started-at="2026-05-28T22:08:19 IST" name="exit" finished-at="2026-05-28T22:08:26 IST" duration-ms="7812" status="PASS">
          <reporter-output>
          </reporter-output>
        </test-method> <!-- exit -->
        <test-method is-config="true" signature="setUp()[pri:0, instance:tests.ZigwheelsTest@65fb9ffc]" started-at="2026-05-28T22:08:26 IST" name="setUp" finished-at="2026-05-28T22:08:36 IST" duration-ms="9429" status="PASS">
          <reporter-output>
          </reporter-output>
        </test-method> <!-- setUp -->
        <test-method signature="testUpcomingHondaBikes()[pri:2, instance:tests.ZigwheelsTest@65fb9ffc]" started-at="2026-05-28T22:08:36 IST" name="testUpcomingHondaBikes" finished-at="2026-05-28T22:08:53 IST" duration-ms="17045" status="PASS">
          <reporter-output>
          </reporter-output>
        </test-method> <!-- testUpcomingHondaBikes -->
        <test-method is-config="true" signature="exit()[pri:0, instance:tests.ZigwheelsTest@65fb9ffc]" started-at="2026-05-28T22:08:53 IST" name="exit" finished-at="2026-05-28T22:09:06 IST" duration-ms="12949" status="PASS">
          <reporter-output>
          </reporter-output>
        </test-method> <!-- exit -->
        <test-method is-config="true" signature="setUp()[pri:0, instance:tests.ZigwheelsTest@65fb9ffc]" started-at="2026-05-28T22:09:06 IST" name="setUp" finished-at="2026-05-28T22:09:16 IST" duration-ms="10360" status="PASS">
          <reporter-output>
          </reporter-output>
        </test-method> <!-- setUp -->
        <test-method signature="testElectricCars()[pri:3, instance:tests.ZigwheelsTest@65fb9ffc]" started-at="2026-05-28T22:09:16 IST" name="testElectricCars" finished-at="2026-05-28T22:09:27 IST" duration-ms="10682" status="PASS">
          <reporter-output>
          </reporter-output>
        </test-method> <!-- testElectricCars -->
        <test-method is-config="true" signature="exit()[pri:0, instance:tests.ZigwheelsTest@65fb9ffc]" started-at="2026-05-28T22:09:27 IST" name="exit" finished-at="2026-05-28T22:09:35 IST" duration-ms="8063" status="PASS">
          <reporter-output>
          </reporter-output>
        </test-method> <!-- exit -->
        <test-method is-config="true" signature="setUp()[pri:0, instance:tests.ZigwheelsTest@65fb9ffc]" started-at="2026-05-28T22:09:35 IST" name="setUp" finished-at="2026-05-28T22:09:45 IST" duration-ms="9639" status="PASS">
          <reporter-output>
          </reporter-output>
        </test-method> <!-- setUp -->
        <test-method signature="testUserReviews()[pri:4, instance:tests.ZigwheelsTest@65fb9ffc]" started-at="2026-05-28T22:09:45 IST" name="testUserReviews" finished-at="2026-05-28T22:09:55 IST" duration-ms="10334" status="PASS">
          <reporter-output>
          </reporter-output>
        </test-method> <!-- testUserReviews -->
        <test-method is-config="true" signature="exit()[pri:0, instance:tests.ZigwheelsTest@65fb9ffc]" started-at="2026-05-28T22:09:55 IST" name="exit" finished-at="2026-05-28T22:10:10 IST" duration-ms="15069" status="PASS">
          <reporter-output>
          </reporter-output>
        </test-method> <!-- exit -->
        <test-method is-config="true" signature="setUp()[pri:0, instance:tests.ZigwheelsTest@65fb9ffc]" started-at="2026-05-28T22:10:10 IST" name="setUp" finished-at="2026-05-28T22:10:20 IST" duration-ms="10230" status="PASS">
          <reporter-output>
          </reporter-output>
        </test-method> <!-- setUp -->
        <test-method signature="testBrowseByBrand()[pri:5, instance:tests.ZigwheelsTest@65fb9ffc]" started-at="2026-05-28T22:10:20 IST" name="testBrowseByBrand" finished-at="2026-05-28T22:10:27 IST" duration-ms="6588" status="PASS">
          <reporter-output>
          </reporter-output>
        </test-method> <!-- testBrowseByBrand -->
        <test-method is-config="true" signature="exit()[pri:0, instance:tests.ZigwheelsTest@65fb9ffc]" started-at="2026-05-28T22:10:27 IST" name="exit" finished-at="2026-05-28T22:10:35 IST" duration-ms="7722" status="PASS">
          <reporter-output>
          </reporter-output>
        </test-method> <!-- exit -->
        <test-method is-config="true" signature="setUp()[pri:0, instance:tests.ZigwheelsTest@65fb9ffc]" started-at="2026-05-28T22:10:35 IST" name="setUp" finished-at="2026-05-28T22:10:44 IST" duration-ms="9190" status="PASS">
          <reporter-output>
          </reporter-output>
        </test-method> <!-- setUp -->
        <test-method signature="testCarFilters()[pri:6, instance:tests.ZigwheelsTest@65fb9ffc]" started-at="2026-05-28T22:10:44 IST" name="testCarFilters" finished-at="2026-05-28T22:10:59 IST" duration-ms="15009" status="PASS">
          <reporter-output>
          </reporter-output>
        </test-method> <!-- testCarFilters -->
        <test-method is-config="true" signature="exit()[pri:0, instance:tests.ZigwheelsTest@65fb9ffc]" started-at="2026-05-28T22:10:59 IST" name="exit" finished-at="2026-05-28T22:11:07 IST" duration-ms="8537" status="PASS">
          <reporter-output>
          </reporter-output>
        </test-method> <!-- exit -->
        <test-method is-config="true" signature="setUp()[pri:0, instance:tests.ZigwheelsTest@65fb9ffc]" started-at="2026-05-28T22:11:07 IST" name="setUp" finished-at="2026-05-28T22:11:18 IST" duration-ms="11114" status="PASS">
          <reporter-output>
          </reporter-output>
        </test-method> <!-- setUp -->
        <test-method signature="testMorePage()[pri:7, instance:tests.ZigwheelsTest@65fb9ffc]" started-at="2026-05-28T22:11:18 IST" name="testMorePage" finished-at="2026-05-28T22:11:28 IST" duration-ms="9541" status="PASS">
          <reporter-output>
          </reporter-output>
        </test-method> <!-- testMorePage -->
        <test-method is-config="true" signature="exit()[pri:0, instance:tests.ZigwheelsTest@65fb9ffc]" started-at="2026-05-28T22:11:28 IST" name="exit" finished-at="2026-05-28T22:11:35 IST" duration-ms="6825" status="PASS">
          <reporter-output>
          </reporter-output>
        </test-method> <!-- exit -->
      </class> <!-- tests.ZigwheelsTest -->
    </test> <!-- Default test -->
  </suite> <!-- Default suite -->
</testng-results>
