<?xml version="1.0" encoding="UTF-8"?>
<!-- Generated by org.testng.reporters.JUnitReportReporter -->
<testsuite hostname="LTIN682992" failures="0" tests="7" name="runner.TestRunner" time="218.187" errors="0" timestamp="2026-05-30T23:34:32 IST" skipped="0">
  <testcase classname="runner.TestRunner" name="runScenario" time="26.659"/>
  <testcase classname="runner.TestRunner" name="runScenario" time="27.483"/>
  <testcase classname="runner.TestRunner" name="runScenario" time="26.015"/>
  <testcase classname="runner.TestRunner" name="runScenario" time="28.219"/>
  <testcase classname="runner.TestRunner" name="runScenario" time="36.833"/>
  <testcase classname="runner.TestRunner" name="runScenario" time="38.664"/>
  <testcase classname="runner.TestRunner" name="runScenario" time="34.314"/>
</testsuite> <!-- runner.TestRunner -->
